<?xml version="1.0" encoding="UTF-8"?>
<testsuite name="ru.stqa.pft.addressbook.tests.ContactModificationTest" tests="1" skipped="0" failures="0" errors="0" timestamp="2017-10-30T05:08:57" hostname="user1s-iMac.local" time="14.366">
  <properties/>
  <testcase name="contactModificationTests" classname="ru.stqa.pft.addressbook.tests.ContactModificationTest" time="14.366"/>
  <system-out><![CDATA[]]></system-out>
  <system-err><![CDATA[]]></system-err>
</testsuite>
