<?xml version="1.0" encoding="UTF-8"?>
<testsuite name="ru.stqa.pft.addressbook.tests.ContactCreationTests" tests="5" skipped="0" failures="0" errors="0" timestamp="2017-11-04T01:19:07" hostname="user1s-iMac.local" time="67.038">
  <properties/>
  <testcase name="testContactCreation[0](ContactData{id=2147483647, firstname='First 0', lastname='Last 0'})" classname="ru.stqa.pft.addressbook.tests.ContactCreationTests" time="19.492"/>
  <testcase name="testContactCreation[1](ContactData{id=2147483647, firstname='First 1', lastname='Last 1'})" classname="ru.stqa.pft.addressbook.tests.ContactCreationTests" time="11.554"/>
  <testcase name="testContactCreation[2](ContactData{id=2147483647, firstname='First 2', lastname='Last 2'})" classname="ru.stqa.pft.addressbook.tests.ContactCreationTests" time="11.313"/>
  <testcase name="testContactCreation[3](ContactData{id=2147483647, firstname='First 3', lastname='Last 3'})" classname="ru.stqa.pft.addressbook.tests.ContactCreationTests" time="12.285"/>
  <testcase name="testContactCreation[4](ContactData{id=2147483647, firstname='First 4', lastname='Last 4'})" classname="ru.stqa.pft.addressbook.tests.ContactCreationTests" time="12.394"/>
  <system-out><![CDATA[]]></system-out>
  <system-err><![CDATA[]]></system-err>
</testsuite>
