<?xml version="1.0" encoding="UTF-8"?>
<testsuite name="ru.stqa.pft.addressbook.tests.ContactDeletionTests" tests="1" skipped="0" failures="0" errors="0" timestamp="2017-10-30T04:08:18" hostname="user1s-iMac.local" time="6.433">
  <properties/>
  <testcase name="contactDeletionTests" classname="ru.stqa.pft.addressbook.tests.ContactDeletionTests" time="6.433"/>
  <system-out><![CDATA[]]></system-out>
  <system-err><![CDATA[]]></system-err>
</testsuite>
